app/build/intermediates/manifest_merge_blame_file/debug/manifest-merger-blame-debug-report.txt
1<?xml version="1.0" encoding="utf-8"?>
2<manifest xmlns:android="http://schemas.android.com/apk/res/android"
3    package="com.akilicredit.app"
4    android:versionCode="1"
5    android:versionName="1.0" >
6
7    <uses-sdk
8        android:minSdkVersion="24"
9        android:targetSdkVersion="34" />
10
11    <uses-permission android:name="android.permission.READ_SMS" />
11-->src\main\AndroidManifest.xml:4:5-67
11-->src\main\AndroidManifest.xml:4:22-64
12
13    <permission
13-->[androidx.core:core:1.12.0] AndroidManifest.xml:22:5-24:47
14        android:name="com.akilicredit.app.DYNAMIC_RECEIVER_NOT_EXPORTED_PERMISSION"
14-->[androidx.core:core:1.12.0] AndroidManifest.xml:23:9-81
15        android:protectionLevel="signature" />
15-->[androidx.core:core:1.12.0] AndroidManifest.xml:24:9-44
16
17    <uses-permission android:name="com.akilicredit.app.DYNAMIC_RECEIVER_NOT_EXPORTED_PERMISSION" />
17-->[androidx.core:core:1.12.0] AndroidManifest.xml:26:5-97
17-->[androidx.core:core:1.12.0] AndroidManifest.xml:26:22-94
18
19    <application
19-->src\main\AndroidManifest.xml:6:5-69:19
20        android:allowBackup="true"
20-->src\main\AndroidManifest.xml:7:9-35
21        android:appComponentFactory="androidx.core.app.CoreComponentFactory"
21-->[androidx.core:core:1.12.0] AndroidManifest.xml:28:18-86
22        android:debuggable="true"
23        android:extractNativeLibs="false"
24        android:label="@string/app_name"
24-->src\main\AndroidManifest.xml:8:9-41
25        android:supportsRtl="true"
25-->src\main\AndroidManifest.xml:9:9-35
26        android:testOnly="true"
27        android:theme="@style/Theme.AkiliCredit.NoActionBar" >
27-->src\main\AndroidManifest.xml:10:9-61
28        <activity
28-->src\main\AndroidManifest.xml:12:9-20:20
29            android:name="com.akilicredit.app.activities.SplashActivity"
29-->src\main\AndroidManifest.xml:13:13-73
30            android:exported="true"
30-->src\main\AndroidManifest.xml:14:13-36
31            android:theme="@style/Theme.AkiliCredit.Splash" >
31-->src\main\AndroidManifest.xml:15:13-60
32            <intent-filter>
32-->src\main\AndroidManifest.xml:16:13-19:29
33                <action android:name="android.intent.action.MAIN" />
33-->src\main\AndroidManifest.xml:17:17-69
33-->src\main\AndroidManifest.xml:17:25-66
34
35                <category android:name="android.intent.category.LAUNCHER" />
35-->src\main\AndroidManifest.xml:18:17-77
35-->src\main\AndroidManifest.xml:18:27-74
36            </intent-filter>
37        </activity>
38        <activity
38-->src\main\AndroidManifest.xml:22:9-25:58
39            android:name="com.akilicredit.app.activities.LoginActivity"
39-->src\main\AndroidManifest.xml:23:13-72
40            android:exported="false"
40-->src\main\AndroidManifest.xml:24:13-37
41            android:windowSoftInputMode="adjustResize" />
41-->src\main\AndroidManifest.xml:25:13-55
42        <activity
42-->src\main\AndroidManifest.xml:27:9-30:58
43            android:name="com.akilicredit.app.activities.RegisterActivity"
43-->src\main\AndroidManifest.xml:28:13-75
44            android:exported="false"
44-->src\main\AndroidManifest.xml:29:13-37
45            android:windowSoftInputMode="adjustResize" />
45-->src\main\AndroidManifest.xml:30:13-55
46        <activity
46-->src\main\AndroidManifest.xml:32:9-34:40
47            android:name="com.akilicredit.app.activities.InputActivity"
47-->src\main\AndroidManifest.xml:33:13-72
48            android:exported="false" />
48-->src\main\AndroidManifest.xml:34:13-37
49        <activity
49-->src\main\AndroidManifest.xml:36:9-38:40
50            android:name="com.akilicredit.app.activities.ResultActivity"
50-->src\main\AndroidManifest.xml:37:13-73
51            android:exported="false" />
51-->src\main\AndroidManifest.xml:38:13-37
52        <activity
52-->src\main\AndroidManifest.xml:40:9-43:58
53            android:name="com.akilicredit.app.activities.OnboardingActivity"
53-->src\main\AndroidManifest.xml:41:13-77
54            android:exported="false"
54-->src\main\AndroidManifest.xml:42:13-37
55            android:windowSoftInputMode="adjustResize" />
55-->src\main\AndroidManifest.xml:43:13-55
56        <activity
56-->src\main\AndroidManifest.xml:45:9-48:40
57            android:name="com.akilicredit.app.activities.SettingsActivity"
57-->src\main\AndroidManifest.xml:46:13-75
58            android:exported="false"
58-->src\main\AndroidManifest.xml:47:13-37
59            android:label="Settings" />
59-->src\main\AndroidManifest.xml:48:13-37
60        <activity
60-->src\main\AndroidManifest.xml:50:9-53:68
61            android:name="com.akilicredit.app.activities.ProfileActivity"
61-->src\main\AndroidManifest.xml:51:13-74
62            android:exported="false"
62-->src\main\AndroidManifest.xml:52:13-37
63            android:theme="@style/Theme.AkiliCredit.NoActionBar" />
63-->src\main\AndroidManifest.xml:53:13-65
64        <activity
64-->src\main\AndroidManifest.xml:55:9-58:68
65            android:name="com.akilicredit.app.activities.WelfareActivity"
65-->src\main\AndroidManifest.xml:56:13-74
66            android:exported="false"
66-->src\main\AndroidManifest.xml:57:13-37
67            android:theme="@style/Theme.AkiliCredit.NoActionBar" />
67-->src\main\AndroidManifest.xml:58:13-65
68        <activity
68-->src\main\AndroidManifest.xml:60:9-63:68
69            android:name="com.akilicredit.app.activities.ChamaActivity"
69-->src\main\AndroidManifest.xml:61:13-72
70            android:exported="false"
70-->src\main\AndroidManifest.xml:62:13-37
71            android:theme="@style/Theme.AkiliCredit.NoActionBar" />
71-->src\main\AndroidManifest.xml:63:13-65
72        <activity
72-->src\main\AndroidManifest.xml:65:9-67:39
73            android:name="com.example.akilicredit.MainActivity"
73-->src\main\AndroidManifest.xml:66:13-64
74            android:exported="true" />
74-->src\main\AndroidManifest.xml:67:13-36
75        <activity
75-->[androidx.compose.ui:ui-tooling-android:1.6.2] AndroidManifest.xml:23:9-25:39
76            android:name="androidx.compose.ui.tooling.PreviewActivity"
76-->[androidx.compose.ui:ui-tooling-android:1.6.2] AndroidManifest.xml:24:13-71
77            android:exported="true" />
77-->[androidx.compose.ui:ui-tooling-android:1.6.2] AndroidManifest.xml:25:13-36
78        <activity
78-->[androidx.compose.ui:ui-test-manifest:1.6.2] AndroidManifest.xml:23:9-25:39
79            android:name="androidx.activity.ComponentActivity"
79-->[androidx.compose.ui:ui-test-manifest:1.6.2] AndroidManifest.xml:24:13-63
80            android:exported="true" />
80-->[androidx.compose.ui:ui-test-manifest:1.6.2] AndroidManifest.xml:25:13-36
81
82        <provider
82-->[androidx.emoji2:emoji2:1.3.0] AndroidManifest.xml:24:9-32:20
83            android:name="androidx.startup.InitializationProvider"
83-->[androidx.emoji2:emoji2:1.3.0] AndroidManifest.xml:25:13-67
84            android:authorities="com.akilicredit.app.androidx-startup"
84-->[androidx.emoji2:emoji2:1.3.0] AndroidManifest.xml:26:13-68
85            android:exported="false" >
85-->[androidx.emoji2:emoji2:1.3.0] AndroidManifest.xml:27:13-37
86            <meta-data
86-->[androidx.emoji2:emoji2:1.3.0] AndroidManifest.xml:29:13-31:52
87                android:name="androidx.emoji2.text.EmojiCompatInitializer"
87-->[androidx.emoji2:emoji2:1.3.0] AndroidManifest.xml:30:17-75
88                android:value="androidx.startup" />
88-->[androidx.emoji2:emoji2:1.3.0] AndroidManifest.xml:31:17-49
89            <meta-data
89-->[androidx.lifecycle:lifecycle-process:2.6.1] AndroidManifest.xml:29:13-31:52
90                android:name="androidx.lifecycle.ProcessLifecycleInitializer"
90-->[androidx.lifecycle:lifecycle-process:2.6.1] AndroidManifest.xml:30:17-78
91                android:value="androidx.startup" />
91-->[androidx.lifecycle:lifecycle-process:2.6.1] AndroidManifest.xml:31:17-49
92            <meta-data
92-->[androidx.profileinstaller:profileinstaller:1.3.0] AndroidManifest.xml:29:13-31:52
93                android:name="androidx.profileinstaller.ProfileInstallerInitializer"
93-->[androidx.profileinstaller:profileinstaller:1.3.0] AndroidManifest.xml:30:17-85
94                android:value="androidx.startup" />
94-->[androidx.profileinstaller:profileinstaller:1.3.0] AndroidManifest.xml:31:17-49
95        </provider>
96
97        <receiver
97-->[androidx.profileinstaller:profileinstaller:1.3.0] AndroidManifest.xml:34:9-52:20
98            android:name="androidx.profileinstaller.ProfileInstallReceiver"
98-->[androidx.profileinstaller:profileinstaller:1.3.0] AndroidManifest.xml:35:13-76
99            android:directBootAware="false"
99-->[androidx.profileinstaller:profileinstaller:1.3.0] AndroidManifest.xml:36:13-44
100            android:enabled="true"
100-->[androidx.profileinstaller:profileinstaller:1.3.0] AndroidManifest.xml:37:13-35
101            android:exported="true"
101-->[androidx.profileinstaller:profileinstaller:1.3.0] AndroidManifest.xml:38:13-36
102            android:permission="android.permission.DUMP" >
102-->[androidx.profileinstaller:profileinstaller:1.3.0] AndroidManifest.xml:39:13-57
103            <intent-filter>
103-->[androidx.profileinstaller:profileinstaller:1.3.0] AndroidManifest.xml:40:13-42:29
104                <action android:name="androidx.profileinstaller.action.INSTALL_PROFILE" />
104-->[androidx.profileinstaller:profileinstaller:1.3.0] AndroidManifest.xml:41:17-91
104-->[androidx.profileinstaller:profileinstaller:1.3.0] AndroidManifest.xml:41:25-88
105            </intent-filter>
106            <intent-filter>
106-->[androidx.profileinstaller:profileinstaller:1.3.0] AndroidManifest.xml:43:13-45:29
107                <action android:name="androidx.profileinstaller.action.SKIP_FILE" />
107-->[androidx.profileinstaller:profileinstaller:1.3.0] AndroidManifest.xml:44:17-85
107-->[androidx.profileinstaller:profileinstaller:1.3.0] AndroidManifest.xml:44:25-82
108            </intent-filter>
109            <intent-filter>
109-->[androidx.profileinstaller:profileinstaller:1.3.0] AndroidManifest.xml:46:13-48:29
110                <action android:name="androidx.profileinstaller.action.SAVE_PROFILE" />
110-->[androidx.profileinstaller:profileinstaller:1.3.0] AndroidManifest.xml:47:17-88
110-->[androidx.profileinstaller:profileinstaller:1.3.0] AndroidManifest.xml:47:25-85
111            </intent-filter>
112            <intent-filter>
112-->[androidx.profileinstaller:profileinstaller:1.3.0] AndroidManifest.xml:49:13-51:29
113                <action android:name="androidx.profileinstaller.action.BENCHMARK_OPERATION" />
113-->[androidx.profileinstaller:profileinstaller:1.3.0] AndroidManifest.xml:50:17-95
113-->[androidx.profileinstaller:profileinstaller:1.3.0] AndroidManifest.xml:50:25-92
114            </intent-filter>
115        </receiver>
116    </application>
117
118</manifest>